0 info it worked if it ends with ok
1 verbose cli [ 'd:\\Program Files\\nodejs\\node.exe',
1 verbose cli   'd:\\Program Files\\nodejs\\node_modules\\npm\\bin\\npm-cli.js',
1 verbose cli   'publish' ]
2 info using npm@1.4.27
3 info using node@v0.10.36
4 verbose publish [ '.' ]
5 verbose cache add [ '.', null ]
6 verbose cache add name=undefined spec="." args=[".",null]
7 verbose parsed url { protocol: null,
7 verbose parsed url   slashes: null,
7 verbose parsed url   auth: null,
7 verbose parsed url   host: null,
7 verbose parsed url   port: null,
7 verbose parsed url   hostname: null,
7 verbose parsed url   hash: null,
7 verbose parsed url   search: null,
7 verbose parsed url   query: null,
7 verbose parsed url   pathname: '.',
7 verbose parsed url   path: '.',
7 verbose parsed url   href: '.' }
8 silly lockFile 3a52ce78- .
9 verbose lock . d:\Users\sq_xu.CN1\AppData\Roaming\npm-cache\3a52ce78-.lock
10 verbose tar pack [ 'd:\\Users\\sq_xu.CN1\\AppData\\Roaming\\npm-cache\\sample_package\\1.0.0\\package.tgz',
10 verbose tar pack   '.' ]
11 verbose tarball d:\Users\sq_xu.CN1\AppData\Roaming\npm-cache\sample_package\1.0.0\package.tgz
12 verbose folder .
13 info prepublish sample_package@1.0.0
14 silly lockFile 1f1177db-tar tar://.
15 verbose lock tar://. d:\Users\sq_xu.CN1\AppData\Roaming\npm-cache\1f1177db-tar.lock
16 silly lockFile d35e69e0-sample-package-1-0-0-package-tgz tar://d:\Users\sq_xu.CN1\AppData\Roaming\npm-cache\sample_package\1.0.0\package.tgz
17 verbose lock tar://d:\Users\sq_xu.CN1\AppData\Roaming\npm-cache\sample_package\1.0.0\package.tgz d:\Users\sq_xu.CN1\AppData\Roaming\npm-cache\d35e69e0-sample-package-1-0-0-package-tgz.lock
18 silly lockFile 1f1177db-tar tar://.
19 silly lockFile 1f1177db-tar tar://.
20 silly lockFile d35e69e0-sample-package-1-0-0-package-tgz tar://d:\Users\sq_xu.CN1\AppData\Roaming\npm-cache\sample_package\1.0.0\package.tgz
21 silly lockFile d35e69e0-sample-package-1-0-0-package-tgz tar://d:\Users\sq_xu.CN1\AppData\Roaming\npm-cache\sample_package\1.0.0\package.tgz
22 silly lockFile 941c449b-che-sample-package-1-0-0-package d:\Users\sq_xu.CN1\AppData\Roaming\npm-cache\sample_package\1.0.0\package
23 verbose lock d:\Users\sq_xu.CN1\AppData\Roaming\npm-cache\sample_package\1.0.0\package d:\Users\sq_xu.CN1\AppData\Roaming\npm-cache\941c449b-che-sample-package-1-0-0-package.lock
24 silly lockFile 941c449b-che-sample-package-1-0-0-package d:\Users\sq_xu.CN1\AppData\Roaming\npm-cache\sample_package\1.0.0\package
25 silly lockFile 941c449b-che-sample-package-1-0-0-package d:\Users\sq_xu.CN1\AppData\Roaming\npm-cache\sample_package\1.0.0\package
26 silly lockFile 3a52ce78- .
27 silly lockFile 3a52ce78- .
28 silly publish { name: 'sample_package',
28 silly publish   version: '1.0.0',
28 silly publish   description: 'sample package',
28 silly publish   main: 'index.js',
28 silly publish   directories: { doc: 'doc', test: 'test' },
28 silly publish   scripts: { test: 'test command' },
28 silly publish   repository: { type: 'git', url: 'git@github.com:shuiqin/jsShare.git' },
28 silly publish   keywords: [ 'git', 'sample' ],
28 silly publish   author: { name: 'sq_xu' },
28 silly publish   license: 'ISC',
28 silly publish   bugs: { url: 'https://github.com/shuiqin/jsShare/issues' },
28 silly publish   homepage: 'https://github.com/shuiqin/jsShare',
28 silly publish   readme: 'Node.js 的包是一个目录，其中包含一个 JSON 格式的包说明文件 package.json。严格符\r\n合 CommonJS 规范的包应该具备以下特征：\r\n package.json 必须在包的顶层目录下；\r\n 二进制文件应该在 bin 目录下；\r\n JavaScript 代码应该在 lib 目录下；\r\n 文档应该在 doc 目录下；\r\n 单元测试应该在 test 目录下。\r\nNode.js 对包的要求并没有这么严格，只要顶层目录下有 package.json，并符合一些规范\r\n即可。当然为了提高兼容性，我们还是建议你在制作包的时候，严格遵守 CommonJS 规范。\r\n\r\n',
28 silly publish   readmeFilename: 'ReadMe.md',
28 silly publish   _id: 'sample_package@1.0.0',
28 silly publish   _shasum: 'f14880a4646092d1dddffdf10fe8078fb42b0ad4',
28 silly publish   _from: '.' }
29 verbose request where is /sample_package
30 verbose request registry https://registry.npmjs.org/
31 verbose request id e74001d06e12bedb
32 verbose url raw /sample_package
33 verbose url resolving [ 'https://registry.npmjs.org/', './sample_package' ]
34 verbose url resolved https://registry.npmjs.org/sample_package
35 verbose request where is https://registry.npmjs.org/sample_package
36 info trying registry request attempt 1 at 17:15:12
37 http PUT https://registry.npmjs.org/sample_package
38 http 403 https://registry.npmjs.org/sample_package
39 verbose headers { date: 'Thu, 16 Apr 2015 09:15:11 GMT',
39 verbose headers   server: 'Apache',
39 verbose headers   'content-type': 'application/json',
39 verbose headers   'cache-control': 'max-age=60',
39 verbose headers   'content-length': '128',
39 verbose headers   'accept-ranges': 'bytes',
39 verbose headers   via: '1.1 varnish',
39 verbose headers   'x-served-by': 'cache-nrt6130-NRT',
39 verbose headers   'x-cache': 'MISS',
39 verbose headers   'x-cache-hits': '0',
39 verbose headers   'x-timer': 'S1429175711.232726,VS0,VE471',
39 verbose headers   'keep-alive': 'timeout=10, max=50',
39 verbose headers   connection: 'Keep-Alive' }
40 error publish Failed PUT 403
41 error Error: "You cannot publish over the previously published version 1.0.0. Try bumping the version to 2.0.0" : sample_package
41 error     at RegClient.<anonymous> (d:\Program Files\nodejs\node_modules\npm\node_modules\npm-registry-client\lib\request.js:308:14)
41 error     at Request._callback (d:\Program Files\nodejs\node_modules\npm\node_modules\npm-registry-client\lib\request.js:246:65)
41 error     at Request.self.callback (d:\Program Files\nodejs\node_modules\npm\node_modules\request\request.js:236:22)
41 error     at Request.emit (events.js:98:17)
41 error     at Request.<anonymous> (d:\Program Files\nodejs\node_modules\npm\node_modules\request\request.js:1142:14)
41 error     at Request.emit (events.js:117:20)
41 error     at IncomingMessage.<anonymous> (d:\Program Files\nodejs\node_modules\npm\node_modules\request\request.js:1096:12)
41 error     at IncomingMessage.emit (events.js:117:20)
41 error     at _stream_readable.js:944:16
41 error     at process._tickCallback (node.js:442:13)
42 error If you need help, you may report this *entire* log,
42 error including the npm and node versions, at:
42 error     <http://github.com/npm/npm/issues>
43 error System Windows_NT 6.1.7601
44 error command "d:\\Program Files\\nodejs\\node.exe" "d:\\Program Files\\nodejs\\node_modules\\npm\\bin\\npm-cli.js" "publish"
45 error cwd e:\github\JsShare__888\NodeJs\Package\sample_package
46 error node -v v0.10.36
47 error npm -v 1.4.27
48 verbose exit [ 1, true ]
