0 info it worked if it ends with ok
1 verbose cli [ 'd:\\Program Files\\nodejs\\node.exe',
1 verbose cli   'd:\\Program Files\\nodejs\\node_modules\\npm\\bin\\npm-cli.js',
1 verbose cli   'install',
1 verbose cli   'git://github.com/jsdoc.git' ]
2 info using npm@1.4.27
3 info using node@v0.10.28
4 verbose cache add [ 'git://github.com/jsdoc.git', null ]
5 verbose cache add name=undefined spec="git://github.com/jsdoc.git" args=["git://github.com/jsdoc.git",null]
6 verbose parsed url { protocol: 'git:',
6 verbose parsed url   slashes: true,
6 verbose parsed url   auth: null,
6 verbose parsed url   host: 'github.com',
6 verbose parsed url   port: null,
6 verbose parsed url   hostname: 'github.com',
6 verbose parsed url   hash: null,
6 verbose parsed url   search: null,
6 verbose parsed url   query: null,
6 verbose parsed url   pathname: '/jsdoc.git',
6 verbose parsed url   path: '/jsdoc.git',
6 verbose parsed url   href: 'git://github.com/jsdoc.git' }
7 silly lockFile 834f8233-git-github-com-jsdoc-git git://github.com/jsdoc.git
8 verbose lock git://github.com/jsdoc.git d:\Users\sq_xu\AppData\Roaming\npm-cache\834f8233-git-github-com-jsdoc-git.lock
9 verbose addRemoteGit [ 'git://github.com/jsdoc.git', 'master' ]
10 error git clone git://github.com/jsdoc.git Cloning into bare repository 'd:\Users\sq_xu\AppData\Roaming\npm-cache\_git-remotes\git-github-com-jsdoc-git-834f8233'...
10 error git clone git://github.com/jsdoc.git
10 error git clone git://github.com/jsdoc.git fatal: remote error:
10 error git clone git://github.com/jsdoc.git   Repository not found.
11 silly lockFile 834f8233-git-github-com-jsdoc-git git://github.com/jsdoc.git
12 silly lockFile 834f8233-git-github-com-jsdoc-git git://github.com/jsdoc.git
13 error Error: Command failed: fatal: remote error:
13 error   Repository not found.
13 error
13 error     at ChildProcess.exithandler (child_process.js:647:15)
13 error     at ChildProcess.EventEmitter.emit (events.js:98:17)
13 error     at maybeClose (child_process.js:753:16)
13 error     at Socket.<anonymous> (child_process.js:966:11)
13 error     at Socket.EventEmitter.emit (events.js:95:17)
13 error     at Pipe.close (net.js:465:12)
14 error If you need help, you may report this *entire* log,
14 error including the npm and node versions, at:
14 error     <http://github.com/npm/npm/issues>
15 error System Windows_NT 6.1.7601
16 error command "d:\\Program Files\\nodejs\\node.exe" "d:\\Program Files\\nodejs\\node_modules\\npm\\bin\\npm-cli.js" "install" "git://github.com/jsdoc.git"
17 error cwd e:\github\JsShare\grunt\jsdoc
18 error node -v v0.10.28
19 error npm -v 1.4.27
20 error code 128
21 verbose exit [ 1, true ]
